  10025 dee       20   0 1087204 138400  92276 S  66.7   3.5   0:00.66 kitti_publisher
  10025 dee       20   0 1087204 138400  92276 S   0.0   3.5   0:00.66 kitti_publisher
  10025 dee       20   0 1099516 150276  92276 R  50.0   3.8   0:00.74 kitti_publisher
  10025 dee       20   0 1087292 138496  92276 S  53.3   3.5   0:00.82 kitti_publisher
  10025 dee       20   0 1087292 138496  92276 S   0.0   3.5   0:00.82 kitti_publisher
  10025 dee       20   0 1099536 150372  92276 R  33.3   3.8   0:00.87 kitti_publisher
  10025 dee       20   0 1087292 138500  92276 S  66.7   3.5   0:00.98 kitti_publisher
  10025 dee       20   0 1087292 138500  92276 S   0.0   3.5   0:00.98 kitti_publisher
  10025 dee       20   0 1099544 150376  92276 R  26.7   3.8   0:01.02 kitti_publisher
  10025 dee       20   0 1087292 138504  92276 S  80.0   3.5   0:01.15 kitti_publisher
  10025 dee       20   0 1087292 138504  92276 S   0.0   3.5   0:01.15 kitti_publisher
  10025 dee       20   0 1088656 139028  92276 R   0.0   3.5   0:01.15 kitti_publisher
  10025 dee       20   0 1102560 153284  92276 R  93.3   3.8   0:01.31 kitti_publisher
  10025 dee       20   0 1087292 138508  92276 S   0.0   3.5   0:01.31 kitti_publisher
  10025 dee       20   0 1087292 138508  92276 S   0.0   3.5   0:01.31 kitti_publisher
  10025 dee       20   0 1099568 150384  92276 R 100.0   3.8   0:01.46 kitti_publisher
  10025 dee       20   0 1087292 138512  92276 S   0.0   3.5   0:01.47 kitti_publisher
  10025 dee       20   0 1087292 138512  92276 S   0.0   3.5   0:01.47 kitti_publisher
  10025 dee       20   0 1099560 150388  92276 R  80.0   3.8   0:01.59 kitti_publisher
  10025 dee       20   0 1087292 138512  92276 S  20.0   3.5   0:01.62 kitti_publisher
  10025 dee       20   0 1087292 138512  92276 S   0.0   3.5   0:01.62 kitti_publisher
  10025 dee       20   0 1099572 150388  92276 R  66.7   3.8   0:01.72 kitti_publisher
  10025 dee       20   0 1087292 138516  92276 S  33.3   3.5   0:01.77 kitti_publisher
  10025 dee       20   0 1087292 138516  92276 S   0.0   3.5   0:01.77 kitti_publisher
  10025 dee       20   0 1099588 150392  92276 R  53.3   3.8   0:01.85 kitti_publisher
  10025 dee       20   0 1087292 138520  92276 S  53.3   3.5   0:01.94 kitti_publisher
  10025 dee       20   0 1087292 138520  92276 S   0.0   3.5   0:01.94 kitti_publisher
  10025 dee       20   0 1099600 150396  92276 R  40.0   3.8   0:02.00 kitti_publisher
  10025 dee       20   0 1087292 138528  92276 S  66.7   3.5   0:02.11 kitti_publisher
  10025 dee       20   0 1087292 138528  92276 S   0.0   3.5   0:02.11 kitti_publisher
  10025 dee       20   0 1099604 150404  92276 R  20.0   3.8   0:02.14 kitti_publisher
  10025 dee       20   0 1087292 138532  92276 S  75.0   3.5   0:02.27 kitti_publisher
  10025 dee       20   0 1087292 138532  92276 S   0.0   3.5   0:02.27 kitti_publisher
  10025 dee       20   0 1088656 139320  92276 R   6.7   3.5   0:02.28 kitti_publisher
  10025 dee       20   0 1087292 138532  92276 S  93.3   3.5   0:02.44 kitti_publisher
  10025 dee       20   0 1087292 138532  92276 S   0.0   3.5   0:02.44 kitti_publisher
  10025 dee       20   0 1087292 138532  92276 S   0.0   3.5   0:02.44 kitti_publisher
  10025 dee       20   0 1099600 150408  92276 R 100.0   3.8   0:02.59 kitti_publisher
  10025 dee       20   0 1087292 138536  92276 S   0.0   3.5   0:02.60 kitti_publisher
  10025 dee       20   0 1087292 138536  92276 S   0.0   3.5   0:02.60 kitti_publisher
  10025 dee       20   0 1099608 150412  92276 R  80.0   3.8   0:02.72 kitti_publisher
  10025 dee       20   0 1087292 138536  92276 S  13.3   3.5   0:02.75 kitti_publisher
  10025 dee       20   0 1087292 138536  92276 S   0.0   3.5   0:02.75 kitti_publisher
  10025 dee       20   0 1099604 150412  92276 R  66.7   3.8   0:02.85 kitti_publisher
  10025 dee       20   0 1087292 138536  92276 S  26.7   3.5   0:02.90 kitti_publisher
  10025 dee       20   0 1087292 138536  92276 S   0.0   3.5   0:02.90 kitti_publisher
  10025 dee       20   0 1099600 150412  92276 R  46.7   3.8   0:02.97 kitti_publisher
  10025 dee       20   0 1087292 138540  92276 S  60.0   3.5   0:03.06 kitti_publisher
  10025 dee       20   0 1087292 138540  92276 S   0.0   3.5   0:03.06 kitti_publisher
  10025 dee       20   0 1099592 150416  92276 R  33.3   3.8   0:03.11 kitti_publisher
  10025 dee       20   0 1087292 138540  92276 S  66.7   3.5   0:03.22 kitti_publisher
  10025 dee       20   0 1087292 138540  92276 S   0.0   3.5   0:03.22 kitti_publisher
  10025 dee       20   0 1099588 150416  92276 R  13.3   3.8   0:03.24 kitti_publisher
  10025 dee       20   0 1087292 138544  92276 S  73.3   3.5   0:03.36 kitti_publisher
  10025 dee       20   0 1087292 138544  92276 S   0.0   3.5   0:03.36 kitti_publisher
  10025 dee       20   0 1088656 138544  92276 R   0.0   3.5   0:03.36 kitti_publisher
  10025 dee       20   0 1087292 138544  92276 S  93.3   3.5   0:03.51 kitti_publisher
  10025 dee       20   0 1087292 138544  92276 S   0.0   3.5   0:03.51 kitti_publisher
  10025 dee       20   0 1087292 138544  92276 S   0.0   3.5   0:03.51 kitti_publisher
  10025 dee       20   0 1099564 150420  92276 R  93.3   3.8   0:03.65 kitti_publisher
  10025 dee       20   0 1087292 138548  92276 S  13.3   3.5   0:03.67 kitti_publisher
  10025 dee       20   0 1087292 138548  92276 S   0.0   3.5   0:03.67 kitti_publisher
  10025 dee       20   0 1099564 150424  92276 R  86.7   3.8   0:03.80 kitti_publisher
  10025 dee       20   0 1087292 138552  92276 S  20.0   3.5   0:03.83 kitti_publisher
  10025 dee       20   0 1087292 138552  92276 S   0.0   3.5   0:03.83 kitti_publisher
  10025 dee       20   0 1099540 150428  92276 R  66.7   3.8   0:03.93 kitti_publisher
  10025 dee       20   0 1087292 138556  92276 S  33.3   3.5   0:03.99 kitti_publisher
  10025 dee       20   0 1087292 138556  92276 S   0.0   3.5   0:03.99 kitti_publisher
  10025 dee       20   0 1099532 150432  92276 R  40.0   3.8   0:04.05 kitti_publisher
  10025 dee       20   0 1087292 138556  92276 S  62.5   3.5   0:04.16 kitti_publisher
  10025 dee       20   0 1087292 138556  92276 S   0.0   3.5   0:04.16 kitti_publisher
  10025 dee       20   0 1099532 150432  92276 R  26.7   3.8   0:04.20 kitti_publisher
  10025 dee       20   0 1087292 138560  92276 S  80.0   3.5   0:04.33 kitti_publisher
  10025 dee       20   0 1087292 138560  92276 S   0.0   3.5   0:04.33 kitti_publisher
  10025 dee       20   0 1099520 150436  92276 R  20.0   3.8   0:04.36 kitti_publisher
  10025 dee       20   0 1087292 138560  92276 S  86.7   3.5   0:04.49 kitti_publisher
  10025 dee       20   0 1087292 138560  92276 S   0.0   3.5   0:04.49 kitti_publisher
  10025 dee       20   0 1088660 138560  92276 R   0.0   3.5   0:04.49 kitti_publisher
  10025 dee       20   0 1099532 150436  92276 R  86.7   3.8   0:04.63 kitti_publisher
  10025 dee       20   0 1087292 138564  92276 S  13.3   3.5   0:04.65 kitti_publisher
  10025 dee       20   0 1087292 138564  92276 S   0.0   3.5   0:04.65 kitti_publisher
  10025 dee       20   0 1099548 150440  92276 R  93.3   3.8   0:04.79 kitti_publisher
  10025 dee       20   0 1087292 138564  92276 S   6.7   3.5   0:04.81 kitti_publisher
  10025 dee       20   0 1087292 138564  92276 S   0.0   3.5   0:04.81 kitti_publisher
  10025 dee       20   0 1099548 150440  92276 R  80.0   3.8   0:04.93 kitti_publisher
  10025 dee       20   0 1087292 138568  92276 S  20.0   3.5   0:04.97 kitti_publisher
  10025 dee       20   0 1087292 138568  92276 S   0.0   3.5   0:04.97 kitti_publisher
  10025 dee       20   0 1099548 150444  92276 R  73.3   3.8   0:05.08 kitti_publisher
  10025 dee       20   0 1087292 138568  92276 S  33.3   3.5   0:05.14 kitti_publisher
  10025 dee       20   0 1087292 138568  92276 S   0.0   3.5   0:05.14 kitti_publisher
  10025 dee       20   0 1099536 150444  92276 R  53.3   3.8   0:05.22 kitti_publisher
  10025 dee       20   0 1087292 138568  92276 S  53.3   3.5   0:05.31 kitti_publisher
  10025 dee       20   0 1087292 138568  92276 S   0.0   3.5   0:05.31 kitti_publisher
  10025 dee       20   0 1099520 150444  92276 R  33.3   3.8   0:05.36 kitti_publisher
  10025 dee       20   0 1087296 138576  92276 S  66.7   3.5   0:05.47 kitti_publisher
  10025 dee       20   0 1087296 138576  92276 S   0.0   3.5   0:05.47 kitti_publisher
  10025 dee       20   0 1092844 143852  92276 R  13.3   3.6   0:05.49 kitti_publisher
  10025 dee       20   0 1102044 151508  92276 R  87.5   3.8   0:05.64 kitti_publisher
  10025 dee       20   0 1087296 138576  92276 S   0.0   3.5   0:05.65 kitti_publisher
  10025 dee       20   0 1088664 138836  92276 R   0.0   3.5   0:05.65 kitti_publisher
  10025 dee       20   0 1087296 138576  92276 S  93.8   3.5   0:05.81 kitti_publisher
  10025 dee       20   0 1087296 138576  92276 S   0.0   3.5   0:05.81 kitti_publisher
  10025 dee       20   0 1087296 138576  92276 S   0.0   3.5   0:05.81 kitti_publisher
  10025 dee       20   0 1099532 150452  92276 R  93.3   3.8   0:05.95 kitti_publisher
  10025 dee       20   0 1087296 138584  92276 S  13.3   3.5   0:05.98 kitti_publisher
  10025 dee       20   0 1087296 138584  92276 S   0.0   3.5   0:05.98 kitti_publisher
  10025 dee       20   0 1099532 150460  92276 R  80.0   3.8   0:06.10 kitti_publisher
  10025 dee       20   0 1087296 138584  92276 S  20.0   3.5   0:06.13 kitti_publisher
  10025 dee       20   0 1087296 138584  92276 S   0.0   3.5   0:06.13 kitti_publisher
  10025 dee       20   0 1099532 150460  92276 R  66.7   3.8   0:06.23 kitti_publisher
  10025 dee       20   0 1087296 138584  92276 S  33.3   3.5   0:06.29 kitti_publisher
  10025 dee       20   0 1087296 138584  92276 S   0.0   3.5   0:06.29 kitti_publisher
  10025 dee       20   0 1099528 150460  92276 R  40.0   3.8   0:06.35 kitti_publisher
  10025 dee       20   0 1087296 138584  92276 S  60.0   3.5   0:06.45 kitti_publisher
  10025 dee       20   0 1087296 138584  92276 S   0.0   3.5   0:06.45 kitti_publisher
  10025 dee       20   0 1099528 150460  92276 R  33.3   3.8   0:06.50 kitti_publisher
  10025 dee       20   0 1087296 138584  92276 S  73.3   3.5   0:06.61 kitti_publisher
  10025 dee       20   0 1087296 138584  92276 S   0.0   3.5   0:06.61 kitti_publisher
  10025 dee       20   0 1097172 147028  92276 R  13.3   3.7   0:06.63 kitti_publisher
  10025 dee       20   0 1087296 138588  92276 S  93.3   3.5   0:06.77 kitti_publisher
  10025 dee       20   0 1087296 138588  92276 S   0.0   3.5   0:06.77 kitti_publisher
  10025 dee       20   0 1088668 138588  92276 R   0.0   3.5   0:06.77 kitti_publisher
  10025 dee       20   0 1099552 150464  92276 R  93.3   3.8   0:06.93 kitti_publisher
  10025 dee       20   0 1087300 138592  92276 S   6.7   3.5   0:06.94 kitti_publisher
  10025 dee       20   0 1087300 138592  92276 S   0.0   3.5   0:06.94 kitti_publisher
  10025 dee       20   0 1099556 150468  92276 R  93.3   3.8   0:07.08 kitti_publisher
  10025 dee       20   0 1087300 138596  92276 S  13.3   3.5   0:07.11 kitti_publisher
  10025 dee       20   0 1087300 138596  92276 S   0.0   3.5   0:07.11 kitti_publisher
  10025 dee       20   0 1099552 150472  92276 R  86.7   3.8   0:07.24 kitti_publisher
  10025 dee       20   0 1087300 138596  92276 S  20.0   3.5   0:07.27 kitti_publisher
  10025 dee       20   0 1087300 138596  92276 S   0.0   3.5   0:07.27 kitti_publisher
  10025 dee       20   0 1099544 150472  92276 R  73.3   3.8   0:07.38 kitti_publisher
  10025 dee       20   0 1087300 138596  92276 S  26.7   3.5   0:07.43 kitti_publisher
  10025 dee       20   0 1087300 138596  92276 S   0.0   3.5   0:07.43 kitti_publisher
  10025 dee       20   0 1099536 150472  92276 R  53.3   3.8   0:07.51 kitti_publisher
  10025 dee       20   0 1087300 138600  92276 S  46.7   3.5   0:07.59 kitti_publisher
  10025 dee       20   0 1087300 138600  92276 S   0.0   3.5   0:07.59 kitti_publisher
  10025 dee       20   0 1099528 150476  92276 R  40.0   3.8   0:07.65 kitti_publisher
  10025 dee       20   0 1087300 138600  92276 S  66.7   3.5   0:07.76 kitti_publisher
  10025 dee       20   0 1087300 138600  92276 S   0.0   3.5   0:07.76 kitti_publisher
  10025 dee       20   0 1099536 150476  92276 R  20.0   3.8   0:07.79 kitti_publisher
  10025 dee       20   0 1087300 138600  92276 S  80.0   3.5   0:07.92 kitti_publisher
  10025 dee       20   0 1087300 138600  92276 S   0.0   3.5   0:07.92 kitti_publisher
  10025 dee       20   0 1088672 139388  92276 R   6.7   3.5   0:07.93 kitti_publisher
  10025 dee       20   0 1087300 138600  92276 S  93.3   3.5   0:08.09 kitti_publisher
  10025 dee       20   0 1087300 138600  92276 S   0.0   3.5   0:08.09 kitti_publisher
  10025 dee       20   0 1087300 138600  92276 R   0.0   3.5   0:08.09 kitti_publisher
  10025 dee       20   0 1099556 150476  92276 R 100.0   3.8   0:08.25 kitti_publisher
  10025 dee       20   0 1087300 138600  92276 S   0.0   3.5   0:08.25 kitti_publisher
  10025 dee       20   0 1087300 138600  92276 S   0.0   3.5   0:08.25 kitti_publisher
  10025 dee       20   0 1099560 150476  92276 R 100.0   3.8   0:08.40 kitti_publisher
  10025 dee       20   0 1087300 138604  92276 S  12.5   3.5   0:08.42 kitti_publisher
  10025 dee       20   0 1087300 138604  92276 S   0.0   3.5   0:08.42 kitti_publisher
  10025 dee       20   0 1099580 150480  92276 R  86.7   3.8   0:08.55 kitti_publisher
  10025 dee       20   0 1087304 138608  92276 S  18.8   3.5   0:08.58 kitti_publisher
  10025 dee       20   0 1087304 138608  92276 S   0.0   3.5   0:08.58 kitti_publisher
  10025 dee       20   0 1099576 150484  92276 R  66.7   3.8   0:08.68 kitti_publisher
  10025 dee       20   0 1087304 138608  92276 S  33.3   3.5   0:08.74 kitti_publisher
  10025 dee       20   0 1087304 138608  92276 S   0.0   3.5   0:08.74 kitti_publisher
  10025 dee       20   0 1099572 150484  92276 R  50.0   3.8   0:08.82 kitti_publisher
  10025 dee       20   0 1087304 138612  92276 S  53.3   3.5   0:08.90 kitti_publisher
  10025 dee       20   0 1087304 138612  92276 S   0.0   3.5   0:08.90 kitti_publisher
  10025 dee       20   0 1099572 150488  92276 R  40.0   3.8   0:08.96 kitti_publisher
  10025 dee       20   0 1087304 138612  92276 S  60.0   3.5   0:09.06 kitti_publisher
  10025 dee       20   0 1087304 138612  92276 S   0.0   3.5   0:09.06 kitti_publisher
  10025 dee       20   0 1099584 150488  92276 R  26.7   3.8   0:09.10 kitti_publisher
  10025 dee       20   0 1087304 138612  92276 S  80.0   3.5   0:09.22 kitti_publisher
  10025 dee       20   0 1087304 138612  92276 S   0.0   3.5   0:09.22 kitti_publisher
  10025 dee       20   0 1088672 139400  92276 R   6.7   3.5   0:09.23 kitti_publisher
  10025 dee       20   0 1087304 138612  92276 S 100.0   3.5   0:09.40 kitti_publisher
  10025 dee       20   0 1087304 138612  92276 S   0.0   3.5   0:09.40 kitti_publisher
  10025 dee       20   0 1087304 138612  92276 S   0.0   3.5   0:09.40 kitti_publisher
  10025 dee       20   0 1099596 150488  92276 R 100.0   3.8   0:09.55 kitti_publisher
  10025 dee       20   0 1087304 138612  92276 S   6.2   3.5   0:09.56 kitti_publisher
  10025 dee       20   0 1087304 138612  92276 S   0.0   3.5   0:09.56 kitti_publisher
  10025 dee       20   0 1099600 150488  92276 R  93.3   3.8   0:09.70 kitti_publisher
  10025 dee       20   0 1087304 138616  92276 S  13.3   3.5   0:09.72 kitti_publisher
  10025 dee       20   0 1087304 138616  92276 S   0.0   3.5   0:09.72 kitti_publisher
  10025 dee       20   0 1099604 150492  92276 R  80.0   3.8   0:09.84 kitti_publisher
  10025 dee       20   0 1087304 138620  92276 S  20.0   3.5   0:09.88 kitti_publisher
  10025 dee       20   0 1087304 138620  92276 S   0.0   3.5   0:09.88 kitti_publisher
  10025 dee       20   0 1099620 150496  92276 R  66.7   3.8   0:09.98 kitti_publisher
  10025 dee       20   0 1087304 138620  92276 S  33.3   3.5   0:10.04 kitti_publisher
  10025 dee       20   0 1087304 138620  92276 S   0.0   3.5   0:10.04 kitti_publisher
  10025 dee       20   0 1099620 150496  92276 R  60.0   3.8   0:10.13 kitti_publisher
  10025 dee       20   0 1087304 138620  92276 S  37.5   3.5   0:10.20 kitti_publisher
  10025 dee       20   0 1087304 138620  92276 S   0.0   3.5   0:10.20 kitti_publisher
  10025 dee       20   0 1099620 150496  92276 R  40.0   3.8   0:10.26 kitti_publisher
  10025 dee       20   0 1087308 138624  92276 S  60.0   3.5   0:10.36 kitti_publisher
  10025 dee       20   0 1087308 138624  92276 S   0.0   3.5   0:10.36 kitti_publisher
  10025 dee       20   0 1099612 150500  92276 R  31.2   3.8   0:10.41 kitti_publisher
  10025 dee       20   0 1087308 138624  92276 S  73.3   3.5   0:10.53 kitti_publisher
  10025 dee       20   0 1087308 138624  92276 S   0.0   3.5   0:10.53 kitti_publisher
  10025 dee       20   0 1097220 147596  92276 R  13.3   3.7   0:10.55 kitti_publisher
  10025 dee       20   0 1087308 138624  92276 S  86.7   3.5   0:10.69 kitti_publisher
  10025 dee       20   0 1087308 138624  92276 S   0.0   3.5   0:10.69 kitti_publisher
  10025 dee       20   0 1088676 138624  92276 R   0.0   3.5   0:10.69 kitti_publisher
  10025 dee       20   0 1099612 150500  92276 R 100.0   3.8   0:10.85 kitti_publisher
  10025 dee       20   0 1087308 138624  92276 S   6.7   3.5   0:10.86 kitti_publisher
  10025 dee       20   0 1087308 138624  92276 S   0.0   3.5   0:10.86 kitti_publisher
  10025 dee       20   0 1099620 150500  92276 R  93.3   3.8   0:11.00 kitti_publisher
  10025 dee       20   0 1087308 138624  92276 S  13.3   3.5   0:11.03 kitti_publisher
  10025 dee       20   0 1087308 138624  92276 S   0.0   3.5   0:11.03 kitti_publisher
  10025 dee       20   0 1099624 150500  92276 R  80.0   3.8   0:11.15 kitti_publisher
  10025 dee       20   0 1087308 138628  92276 S  26.7   3.5   0:11.19 kitti_publisher
  10025 dee       20   0 1087308 138628  92276 S   0.0   3.5   0:11.19 kitti_publisher
  10025 dee       20   0 1099636 150504  92276 R  66.7   3.8   0:11.29 kitti_publisher
  10025 dee       20   0 1087308 138628  92276 S  33.3   3.5   0:11.35 kitti_publisher
  10025 dee       20   0 1087308 138628  92276 S   0.0   3.5   0:11.35 kitti_publisher
  10025 dee       20   0 1099644 150504  92276 R  53.3   3.8   0:11.43 kitti_publisher
  10025 dee       20   0 1087308 138628  92276 S  46.7   3.5   0:11.50 kitti_publisher
  10025 dee       20   0 1087308 138628  92276 S   0.0   3.5   0:11.50 kitti_publisher
  10025 dee       20   0 1099652 150504  92276 R  33.3   3.8   0:11.55 kitti_publisher
  10025 dee       20   0 1087308 138628  92276 S  66.7   3.5   0:11.66 kitti_publisher
  10025 dee       20   0 1087308 138628  92276 S   0.0   3.5   0:11.66 kitti_publisher
  10025 dee       20   0 1099656 150504  92276 R  26.7   3.8   0:11.70 kitti_publisher
  10025 dee       20   0 1087308 138628  92276 S  80.0   3.5   0:11.82 kitti_publisher
  10025 dee       20   0 1087308 138628  92276 S   0.0   3.5   0:11.82 kitti_publisher
  10025 dee       20   0 1088680 139152  92276 R   0.0   3.5   0:11.82 kitti_publisher
  10025 dee       20   0 1099660 150768  92276 R  73.3   3.8   0:11.93 kitti_publisher
  10025 dee       20   0 1087308 138628  92276 S  26.7   3.5   0:11.98 kitti_publisher
  10025 dee       20   0 1087308 138628  92276 S   0.0   3.5   0:11.98 kitti_publisher
  10025 dee       20   0 1099664 150768  92276 R  93.3   3.8   0:12.12 kitti_publisher
  10025 dee       20   0 1087312 138632  92276 S  12.5   3.5   0:12.14 kitti_publisher
  10025 dee       20   0 1087312 138632  92276 S   0.0   3.5   0:12.14 kitti_publisher
  10025 dee       20   0 1099664 150772  92276 R  53.3   3.8   0:12.22 kitti_publisher
  10025 dee       20   0 1087312 138636  92276 S  46.7   3.5   0:12.30 kitti_publisher
  10025 dee       20   0 1087312 138636  92276 S   0.0   3.5   0:12.30 kitti_publisher
  10025 dee       20   0 1099664 150768  92276 R  50.0   3.8   0:12.38 kitti_publisher
  10025 dee       20   0 1087312 138636  92276 S  40.0   3.5   0:12.45 kitti_publisher
  10025 dee       20   0 1087312 138636  92276 S   0.0   3.5   0:12.45 kitti_publisher
  10025 dee       20   0 1099668 150776  92276 R  53.3   3.8   0:12.53 kitti_publisher
  10025 dee       20   0 1087312 138636  92276 S  53.3   3.5   0:12.61 kitti_publisher
  10025 dee       20   0 1087312 138636  92276 S   0.0   3.5   0:12.61 kitti_publisher
  10025 dee       20   0 1099672 150776  92276 R  25.0   3.8   0:12.65 kitti_publisher
  10025 dee       20   0 1087312 138636  92276 S  73.3   3.5   0:12.77 kitti_publisher
  10025 dee       20   0 1087312 138636  92276 S   0.0   3.5   0:12.77 kitti_publisher
  10025 dee       20   0 1099664 150776  92276 R   6.7   3.8   0:12.78 kitti_publisher
  10025 dee       20   0 1087312 138636  92276 S  86.7   3.5   0:12.92 kitti_publisher
  10025 dee       20   0 1087312 138636  92276 S   0.0   3.5   0:12.92 kitti_publisher
  10025 dee       20   0 1087312 138636  92276 S   0.0   3.5   0:12.92 kitti_publisher
  10025 dee       20   0 1099668 150776  92276 R  86.7   3.8   0:13.05 kitti_publisher
  10025 dee       20   0 1087312 138636  92276 S  20.0   3.5   0:13.09 kitti_publisher
  10025 dee       20   0 1087312 138636  92276 S   0.0   3.5   0:13.09 kitti_publisher
  10025 dee       20   0 1099664 150776  92276 R  73.3   3.8   0:13.20 kitti_publisher
  10025 dee       20   0 1087312 138636  92276 S  20.0   3.5   0:13.24 kitti_publisher
  10025 dee       20   0 1087312 138636  92276 S   0.0   3.5   0:13.24 kitti_publisher
  10025 dee       20   0 1099668 150776  92276 R  60.0   3.8   0:13.33 kitti_publisher
  10025 dee       20   0 1087312 138636  92276 S  33.3   3.5   0:13.39 kitti_publisher
  10025 dee       20   0 1087312 138636  92276 S   0.0   3.5   0:13.39 kitti_publisher
  10025 dee       20   0 1099680 150768  92276 R  46.7   3.8   0:13.46 kitti_publisher
  10025 dee       20   0 1087316 138644  92276 S  60.0   3.5   0:13.55 kitti_publisher
  10025 dee       20   0 1087316 138644  92276 S   0.0   3.5   0:13.55 kitti_publisher
  10025 dee       20   0 1099676 150784  92276 R  33.3   3.8   0:13.60 kitti_publisher
  10025 dee       20   0 1087316 138644  92276 S  73.3   3.5   0:13.71 kitti_publisher
  10025 dee       20   0 1087316 138644  92276 S   0.0   3.5   0:13.71 kitti_publisher
  10025 dee       20   0 1099676 150784  92276 R   6.7   3.8   0:13.72 kitti_publisher
  10025 dee       20   0 1087316 138644  92276 S  86.7   3.5   0:13.86 kitti_publisher
  10025 dee       20   0 1087316 138644  92276 S   0.0   3.5   0:13.86 kitti_publisher
  10025 dee       20   0 1087316 138644  92276 S   0.0   3.5   0:13.86 kitti_publisher
  10025 dee       20   0 1099676 150784  92276 R  93.3   3.8   0:14.01 kitti_publisher
  10025 dee       20   0 1087316 138644  92276 S  13.3   3.5   0:14.03 kitti_publisher
  10025 dee       20   0 1087316 138644  92276 S   0.0   3.5   0:14.03 kitti_publisher
  10025 dee       20   0 1099672 150784  92276 R  86.7   3.8   0:14.16 kitti_publisher
  10025 dee       20   0 1087316 138644  92276 S  13.3   3.5   0:14.18 kitti_publisher
  10025 dee       20   0 1087316 138644  92276 S   0.0   3.5   0:14.18 kitti_publisher
  10025 dee       20   0 1099676 150784  92276 R  75.0   3.8   0:14.30 kitti_publisher
  10025 dee       20   0 1087316 138648  92276 S  26.7   3.5   0:14.34 kitti_publisher
  10025 dee       20   0 1087316 138648  92276 S   0.0   3.5   0:14.34 kitti_publisher
  10025 dee       20   0 1099672 150788  92276 R  60.0   3.8   0:14.43 kitti_publisher
  10025 dee       20   0 1087316 138648  92276 S  33.3   3.5   0:14.49 kitti_publisher
  10025 dee       20   0 1087316 138648  92276 S   0.0   3.5   0:14.49 kitti_publisher
  10025 dee       20   0 1099668 150524  92276 R  53.3   3.8   0:14.57 kitti_publisher
  10025 dee       20   0 1087316 138648  92276 S  53.3   3.5   0:14.65 kitti_publisher
  10025 dee       20   0 1087316 138648  92276 S   0.0   3.5   0:14.65 kitti_publisher
  10025 dee       20   0 1099668 150788  92276 R  26.7   3.8   0:14.69 kitti_publisher
  10025 dee       20   0 1087316 138648  92276 S  73.3   3.5   0:14.80 kitti_publisher
  10025 dee       20   0 1087316 138648  92276 S   0.0   3.5   0:14.80 kitti_publisher
  10025 dee       20   0 1093424 144188  92276 R  13.3   3.6   0:14.82 kitti_publisher
  10025 dee       20   0 1087316 138648  92276 S  86.7   3.5   0:14.96 kitti_publisher
  10025 dee       20   0 1087316 138648  92276 S   0.0   3.5   0:14.96 kitti_publisher
  10025 dee       20   0 1087316 138648  92276 S   0.0   3.5   0:14.96 kitti_publisher
  10025 dee       20   0 1099668 150524  92276 R  87.5   3.8   0:15.11 kitti_publisher
  10025 dee       20   0 1087320 138656  92276 S   6.2   3.5   0:15.12 kitti_publisher
  10025 dee       20   0 1087320 138656  92276 S   0.0   3.5   0:15.12 kitti_publisher
  10025 dee       20   0 1099672 150532  92276 R  86.7   3.8   0:15.25 kitti_publisher
  10025 dee       20   0 1087320 138656  92276 S  13.3   3.5   0:15.28 kitti_publisher
  10025 dee       20   0 1087320 138656  92276 S   0.0   3.5   0:15.28 kitti_publisher
  10025 dee       20   0 1099672 150532  92276 R  66.7   3.8   0:15.38 kitti_publisher
  10025 dee       20   0 1087320 138656  92276 S  33.3   3.5   0:15.44 kitti_publisher
  10025 dee       20   0 1087320 138656  92276 S   0.0   3.5   0:15.44 kitti_publisher
  10025 dee       20   0 1099680 150796  92276 R  53.3   3.8   0:15.52 kitti_publisher
  10025 dee       20   0 1087320 138656  92276 S  46.7   3.5   0:15.60 kitti_publisher
  10025 dee       20   0 1087320 138656  92276 S   0.0   3.5   0:15.60 kitti_publisher
  10025 dee       20   0 1099680 150796  92276 R  40.0   3.8   0:15.66 kitti_publisher
  10025 dee       20   0 1087320 138656  92276 S  53.3   3.5   0:15.74 kitti_publisher
  10025 dee       20   0 1087320 138656  92276 S   0.0   3.5   0:15.74 kitti_publisher
  10025 dee       20   0 1099684 150796  92276 R  33.3   3.8   0:15.79 kitti_publisher
  10025 dee       20   0 1087320 138656  92276 S  68.8   3.5   0:15.90 kitti_publisher
  10025 dee       20   0 1087320 138656  92276 S   0.0   3.5   0:15.90 kitti_publisher
  10025 dee       20   0 1093432 143932  92276 R  13.3   3.6   0:15.92 kitti_publisher
  10025 dee       20   0 1087320 138656  92276 S  93.3   3.5   0:16.06 kitti_publisher
  10025 dee       20   0 1087320 138656  92276 S   0.0   3.5   0:16.06 kitti_publisher
  10025 dee       20   0 1087320 138656  92276 S   0.0   3.5   0:16.06 kitti_publisher
  10025 dee       20   0 1099692 150796  92276 R 100.0   3.8   0:16.21 kitti_publisher
  10025 dee       20   0 1087320 138656  92276 S   0.0   3.5   0:16.22 kitti_publisher
  10025 dee       20   0 1087320 138656  92276 S   0.0   3.5   0:16.22 kitti_publisher
  10025 dee       20   0 1099684 150796  92276 R  80.0   3.8   0:16.34 kitti_publisher
  10025 dee       20   0 1087324 138660  92276 S  20.0   3.5   0:16.38 kitti_publisher
  10025 dee       20   0 1087324 138660  92276 S   0.0   3.5   0:16.38 kitti_publisher
  10025 dee       20   0 1099688 150800  92276 R  66.7   3.8   0:16.48 kitti_publisher
  10025 dee       20   0 1087324 138660  92276 S  33.3   3.5   0:16.54 kitti_publisher
  10025 dee       20   0 1087324 138660  92276 S   0.0   3.5   0:16.54 kitti_publisher
  10025 dee       20   0 1099684 150800  92276 R  40.0   3.8   0:16.60 kitti_publisher
  10025 dee       20   0 1087324 138660  92276 S  53.3   3.5   0:16.69 kitti_publisher
  10025 dee       20   0 1087324 138660  92276 S   0.0   3.5   0:16.69 kitti_publisher
  10025 dee       20   0 1099676 150536  92276 R  26.7   3.8   0:16.73 kitti_publisher
  10025 dee       20   0 1087324 138660  92276 S  66.7   3.5   0:16.84 kitti_publisher
  10025 dee       20   0 1087324 138660  92276 S   0.0   3.5   0:16.84 kitti_publisher
  10025 dee       20   0 1099672 150536  92276 R  13.3   3.8   0:16.86 kitti_publisher
  10025 dee       20   0 1087324 138664  92276 S  93.3   3.5   0:17.00 kitti_publisher
  10025 dee       20   0 1087324 138664  92276 S   0.0   3.5   0:17.00 kitti_publisher
  10025 dee       20   0 1087324 138664  92276 S   0.0   3.5   0:17.00 kitti_publisher
  10025 dee       20   0 1099668 150540  92276 R 100.0   3.8   0:17.15 kitti_publisher
  10025 dee       20   0 1087328 138672  92276 S   0.0   3.5   0:17.16 kitti_publisher
  10025 dee       20   0 1087328 138672  92276 S   0.0   3.5   0:17.16 kitti_publisher
  10025 dee       20   0 1099660 150548  92276 R  86.7   3.8   0:17.29 kitti_publisher
  10025 dee       20   0 1087328 138672  92276 S  13.3   3.5   0:17.32 kitti_publisher
  10025 dee       20   0 1087328 138672  92276 S   0.0   3.5   0:17.32 kitti_publisher
  10025 dee       20   0 1099648 150548  92276 R  66.7   3.8   0:17.42 kitti_publisher
  10025 dee       20   0 1087328 138672  92276 S  26.7   3.5   0:17.47 kitti_publisher
  10025 dee       20   0 1087328 138672  92276 S   0.0   3.5   0:17.47 kitti_publisher
  10025 dee       20   0 1099656 150548  92276 R  60.0   3.8   0:17.56 kitti_publisher
  10025 dee       20   0 1087328 138672  92276 S  46.7   3.5   0:17.63 kitti_publisher
  10025 dee       20   0 1087328 138672  92276 S   0.0   3.5   0:17.63 kitti_publisher
  10025 dee       20   0 1098040 148964  92276 R  46.7   3.7   0:17.70 kitti_publisher
  10025 dee       20   0 1102000 152924  92276 S  40.0   3.8   0:17.76 kitti_publisher
  10025 dee       20   0 1102000 152924  92276 S   0.0   3.8   0:17.76 kitti_publisher
  10025 dee       20   0 1102000 152924  92276 S   0.0   3.8   0:17.76 kitti_publisher
  10025 dee       20   0 1102000 152924  92276 S   0.0   3.8   0:17.76 kitti_publisher
  10025 dee       20   0 1102000 152924  92276 S   0.0   3.8   0:17.76 kitti_publisher
  10025 dee       20   0 1102000 152924  92276 S   0.0   3.8   0:17.76 kitti_publisher
  10025 dee       20   0 1102000 152924  92276 S   0.0   3.8   0:17.76 kitti_publisher
  10025 dee       20   0 1102000 152924  92276 S   0.0   3.8   0:17.76 kitti_publisher
  10025 dee       20   0 1102000 152924  92276 S   0.0   3.8   0:17.76 kitti_publisher
  10025 dee       20   0 1102000 152924  92276 S   0.0   3.8   0:17.76 kitti_publisher
  10025 dee       20   0 1102000 152924  92276 S   0.0   3.8   0:17.76 kitti_publisher
  10025 dee       20   0 1102000 152924  92276 S   0.0   3.8   0:17.76 kitti_publisher
  10025 dee       20   0 1102000 152924  92276 S   0.0   3.8   0:17.76 kitti_publisher
  10025 dee       20   0 1102000 152924  92276 S   0.0   3.8   0:17.76 kitti_publisher
  10025 dee       20   0 1102000 152924  92276 S   0.0   3.8   0:17.76 kitti_publisher
  10025 dee       20   0 1102000 152924  92276 S   0.0   3.8   0:17.76 kitti_publisher
  10025 dee       20   0 1102000 152924  92276 S   0.0   3.8   0:17.76 kitti_publisher
  10025 dee       20   0 1102000 152924  92276 S   0.0   3.8   0:17.76 kitti_publisher
  10025 dee       20   0 1102000 152924  92276 S   0.0   3.8   0:17.76 kitti_publisher
  10025 dee       20   0 1102000 152924  92276 S   0.0   3.8   0:17.76 kitti_publisher
  10025 dee       20   0 1102000 152924  92276 S   0.0   3.8   0:17.76 kitti_publisher
  10025 dee       20   0       0      0      0 Z  40.0   0.0   0:17.82 kitti_publisher
    PID USER      PR  NI    VIRT    RES    SHR S  %CPU  %MEM     TIME+ COMMAND
